
[2024-02-07 05:04:39.621] 
[2024-02-07 05:04:39.621] 
[2024-02-07 05:04:39.621] ESP32_nRF24L01_IRQ_Receiver.ino
[2024-02-07 05:04:39.652] Receiving...
[2024-02-07 05:04:39.668] 
[2024-02-07 05:04:54.482] Interrupt gets here...
[2024-02-07 05:04:54.507] 
[2024-02-07 05:04:54.508] Battery power switched ON
[2024-02-07 05:04:54.536] ESP32 wake from Deep Sleep
[2024-02-07 05:04:54.566] 
[2024-02-07 05:05:14.486] Interrupt gets here...
[2024-02-07 05:05:14.512] 
[2024-02-07 05:05:14.513] Battery power switched OFF
[2024-02-07 05:05:14.541] ESP32 going to Deep Sleep
[2024-02-07 05:05:14.569] 
[2024-02-07 05:05:32.779] Interrupt gets here...
[2024-02-07 05:05:32.805] 
[2024-02-07 05:05:32.805] Battery power switched ON
[2024-02-07 05:05:32.835] ESP32 wake from Deep Sleep
[2024-02-07 05:05:32.863] 
[2024-02-07 05:05:52.781] Interrupt gets here...
[2024-02-07 05:05:52.806] 
[2024-02-07 05:05:52.807] Battery power switched OFF
[2024-02-07 05:05:52.836] ESP32 going to Deep Sleep
[2024-02-07 05:05:52.861] 
[2024-02-07 05:06:00.222] Interrupt gets here...
[2024-02-07 05:06:00.248] 
[2024-02-07 05:06:00.249] Battery power switched ON
[2024-02-07 05:06:00.277] ESP32 wake from Deep Sleep
[2024-02-07 05:06:00.305] 
[2024-02-07 05:06:20.225] Interrupt gets here...
[2024-02-07 05:06:20.248] 
[2024-02-07 05:06:20.249] Battery power switched OFF
[2024-02-07 05:06:20.278] ESP32 going to Deep Sleep
[2024-02-07 05:06:20.305] 
[2024-02-07 05:06:39.444] Interrupt gets here...
[2024-02-07 05:06:39.470] 
[2024-02-07 05:06:39.471] Battery power switched ON
[2024-02-07 05:06:39.499] ESP32 wake from Deep Sleep
[2024-02-07 05:06:39.527] 
[2024-02-07 05:06:59.445] Interrupt gets here...
[2024-02-07 05:06:59.471] 
[2024-02-07 05:06:59.471] Battery power switched OFF
[2024-02-07 05:06:59.500] ESP32 going to Deep Sleep
[2024-02-07 05:06:59.525] 
[2024-02-07 05:07:20.097] Interrupt gets here...
[2024-02-07 05:07:20.123] 
[2024-02-07 05:07:20.124] Battery power switched ON
[2024-02-07 05:07:20.152] ESP32 wake from Deep Sleep
[2024-02-07 05:07:20.181] 
[2024-02-07 05:07:40.101] Interrupt gets here...
[2024-02-07 05:07:40.125] 
[2024-02-07 05:07:40.126] Battery power switched OFF
[2024-02-07 05:07:40.155] ESP32 going to Deep Sleep
[2024-02-07 05:07:40.182] 
